<?xml version="1.0" encoding="utf-8"?><testsuites name="pytest tests"><testsuite name="pytest" errors="0" failures="0" skipped="23" tests="4759" time="113.223" timestamp="2025-12-24T02:25:21.645948+00:00" hostname="e834832f5276"><testcase classname="tests.integration.agents.test_performance.TestModuleImports" name="test_can_import_all_public_api" time="0.002" /><testcase classname="tests.integration.agents.test_performance.TestModuleImports" name="test_import_time_is_reasonable" time="0.428" /><testcase classname="tests.integration.agents.test_performance.TestDataclassPerformance" name="test_agent_usage_creation_is_fast" time="0.003" /><testcase classname="tests.integration.agents.test_performance.TestDataclassPerformance" name="test_agent_result_creation_is_fast" time="0.004" /><testcase classname="tests.integration.agents.test_performance.TestRegistryIntegration" name="test_register_and_create_agent" time="0.000" /><testcase classname="tests.integration.agents.test_performance.TestRegistryIntegration" name="test_decorator_registration_works" time="0.000" /><testcase classname="tests.integration.agents.test_performance.TestErrorHandlingIntegration" name="test_invalid_tool_provides_helpful_message" time="0.000" /><testcase classname="tests.integration.agents.test_performance.TestErrorHandlingIntegration" name="test_agent_not_found_error_includes_name" time="0.000" /><testcase classname="tests.integration.agents.test_performance.TestErrorHandlingIntegration" name="test_duplicate_agent_error_includes_name" time="0.000" /><testcase classname="tests.integration.agents.test_performance.TestContextIntegration" name="test_context_with_config_defaults" time="0.006" /><testcase classname="tests.integration.agents.test_performance.TestUtilitiesIntegration" name="test_extract_text_with_mock_messages" time="0.000" /><testcase classname="tests.integration.agents.test_performance.TestUtilitiesIntegration" name="test_extract_all_text_filters_non_assistant_messages" time="0.001" /><testcase classname="tests.integration.cli.test_cli_commands.TestFlyWorkflowIntegration" name="test_fly_workflow_end_to_end_success" time="0.078" /><testcase classname="tests.integration.cli.test_cli_commands.TestFlyWorkflowIntegration" name="test_fly_workflow_dry_run" time="0.086" /><testcase classname="tests.integration.cli.test_cli_commands.TestFlyWorkflowIntegration" name="test_fly_workflow_branch_not_found" time="0.083" /><testcase classname="tests.integration.cli.test_cli_commands.TestRefuelWorkflowIntegration" name="test_refuel_workflow_end_to_end_success" time="0.054" /><testcase classname="tests.integration.cli.test_cli_commands.TestRefuelWorkflowIntegration" name="test_refuel_workflow_dry_run" time="0.058" /><testcase classname="tests.integration.cli.test_cli_commands.TestReviewCommandIntegration" name="test_review_command_json_output" time="0.028" /><testcase classname="tests.integration.cli.test_cli_commands.TestReviewCommandIntegration" name="test_review_command_markdown_output" time="0.008" /><testcase classname="tests.integration.cli.test_cli_commands.TestReviewCommandIntegration" name="test_review_command_pr_not_found" time="0.006" /><testcase classname="tests.integration.cli.test_cli_commands.TestConfigSubcommandsIntegration" name="test_config_init_creates_file" time="0.006" /><testcase classname="tests.integration.cli.test_cli_commands.TestConfigSubcommandsIntegration" name="test_config_init_force_overwrites" time="0.007" /><testcase classname="tests.integration.cli.test_cli_commands.TestConfigSubcommandsIntegration" name="test_config_show_yaml_format" time="0.008" /><testcase classname="tests.integration.cli.test_cli_commands.TestConfigSubcommandsIntegration" name="test_config_show_json_format" time="0.007" /><testcase classname="tests.integration.cli.test_cli_commands.TestConfigSubcommandsIntegration" name="test_config_validate_valid" time="0.009" /><testcase classname="tests.integration.cli.test_cli_commands.TestConfigSubcommandsIntegration" name="test_config_validate_invalid" time="0.002" /><testcase classname="tests.integration.cli.test_cli_commands.TestCLIStartupPerformance" name="test_cli_startup_time_under_500ms" time="0.004" /><testcase classname="tests.integration.cli.test_cli_commands.TestCLIStartupPerformance" name="test_cli_version_startup_time" time="0.002" /><testcase classname="tests.integration.cli.test_commands_example.TestBasicCLIPatterns" name="test_version_flag" time="0.001" /><testcase classname="tests.integration.cli.test_commands_example.TestBasicCLIPatterns" name="test_help_flag" time="0.001" /><testcase classname="tests.integration.cli.test_commands_example.TestBasicCLIPatterns" name="test_no_command_shows_help" time="0.002" /><testcase classname="tests.integration.cli.test_commands_example.TestConfigCommandExamples" name="test_config_init_creates_file" time="0.006" /><testcase classname="tests.integration.cli.test_commands_example.TestConfigCommandExamples" name="test_config_show_with_valid_config" time="0.005" /><testcase classname="tests.integration.cli.test_commands_example.TestConfigCommandExamples" name="test_config_validate_detects_invalid" time="0.002" /><testcase classname="tests.integration.cli.test_commands_example.TestVerbosityOptions" name="test_verbose_flag" time="0.002" /><testcase classname="tests.integration.cli.test_commands_example.TestVerbosityOptions" name="test_quiet_flag" time="0.004" /><testcase classname="tests.integration.cli.test_commands_example.TestErrorHandling" name="test_invalid_command" time="0.002" /><testcase classname="tests.integration.cli.test_commands_example.TestErrorHandling" name="test_missing_required_argument" time="0.094" /><testcase classname="tests.integration.cli.test_review_text_output" name="test_review_command_text_output" time="0.008" /><testcase classname="tests.integration.dsl.test_branch_workflow.TestBranchWorkflowYAML" name="test_simple_branch_workflow" time="0.008" /><testcase classname="tests.integration.dsl.test_branch_workflow.TestBranchWorkflowYAML" name="test_branch_with_negation" time="0.003" /><testcase classname="tests.integration.dsl.test_branch_workflow.TestBranchWorkflowYAML" name="test_branch_with_fallback" time="0.003" /><testcase classname="tests.integration.dsl.test_branch_workflow.TestBranchWorkflowYAML" name="test_branch_no_match_returns_none" time="0.002" /><testcase classname="tests.integration.dsl.test_branch_workflow.TestBranchWorkflowYAML" name="test_branch_evaluates_in_order" time="0.003" /><testcase classname="tests.integration.dsl.test_branch_workflow.TestBranchWorkflowYAML" name="test_branch_with_step_output_reference" time="0.005" /><testcase classname="tests.integration.dsl.test_branch_workflow.TestBranchWorkflowYAML" name="test_branch_in_multi_step_workflow" time="0.007" /><testcase classname="tests.integration.dsl.test_parallel_workflow.TestParallelWorkflowExecution" name="test_parallel_for_each_yaml_workflow" time="0.003" /><testcase classname="tests.integration.dsl.test_parallel_workflow.TestParallelWorkflowExecution" name="test_parallel_for_each_multiple_steps_yaml" time="0.003" /><testcase classname="tests.integration.dsl.test_parallel_workflow.TestParallelWorkflowExecution" name="test_parallel_for_each_with_subsequent_step" time="0.003" /><testcase classname="tests.integration.dsl.test_parallel_workflow.TestParallelWorkflowExecution" name="test_parallel_without_for_each_yaml" time="0.003" /><testcase classname="tests.integration.dsl.test_parallel_workflow.TestParallelWorkflowExecution" name="test_parallel_for_each_empty_list_yaml" time="0.002" /><testcase classname="tests.integration.dsl.test_parallel_workflow.TestParallelWorkflowExecution" name="test_parallel_for_each_with_partial_failure_yaml" time="0.003" /><testcase classname="tests.integration.dsl.test_parallel_workflow.TestParallelWorkflowEdgeCases" name="test_parallel_for_each_nested_data_yaml" time="0.004" /><testcase classname="tests.integration.dsl.test_quickstart_examples.TestBasicWorkflowExample" name="test_hello_workflow" time="0.005" /><testcase classname="tests.integration.dsl.test_quickstart_examples.TestPythonStepExamples" name="test_python_example_workflow" time="0.001" /><testcase classname="tests.integration.dsl.test_quickstart_examples.TestSubWorkflowExample" name="test_subworkflow_execution" time="0.001" /><testcase classname="tests.integration.dsl.test_quickstart_examples.TestErrorHandlingExamples" name="test_step_failure_stops_workflow" time="0.001" /><testcase classname="tests.integration.dsl.test_quickstart_examples.TestProgressEventsForTUI" name="test_progress_event_matching" time="0.002" /><testcase classname="tests.integration.dsl.test_quickstart_examples.TestBestPracticesExamples" name="test_explicit_return" time="0.001" /><testcase classname="tests.integration.dsl.test_quickstart_examples.TestBestPracticesExamples" name="test_implicit_return" time="0.001" /><testcase classname="tests.integration.dsl.test_quickstart_examples.TestAccessingPriorResults" name="test_context_builder_access" time="0.001" /><testcase classname="tests.integration.dsl.test_workflow_execution.TestUserStory1TwoStepWorkflow" name="test_two_step_workflow_execution" time="0.002" /><testcase classname="tests.integration.dsl.test_workflow_execution.TestUserStory1TwoStepWorkflow" name="test_workflow_with_async_steps" time="0.023" /><testcase classname="tests.integration.dsl.test_workflow_execution.TestUserStory1TwoStepWorkflow" name="test_workflow_step_failure_propagation" time="0.002" /><testcase classname="tests.integration.dsl.test_workflow_execution.TestUserStory1TwoStepWorkflow" name="test_workflow_with_complex_data_types" time="0.002" /><testcase classname="tests.integration.dsl.test_workflow_execution.TestUserStory1TwoStepWorkflow" name="test_workflow_serialization" time="0.003" /><testcase classname="tests.integration.dsl.test_workflow_execution.TestUserStory2AgentWorkflow" name="test_agent_step_with_static_context" time="0.002" /><testcase classname="tests.integration.dsl.test_workflow_execution.TestUserStory2AgentWorkflow" name="test_agent_step_with_callable_context" time="0.004" /><testcase classname="tests.integration.dsl.test_workflow_execution.TestUserStory2AgentWorkflow" name="test_generate_step_execution" time="0.002" /><testcase classname="tests.integration.dsl.test_workflow_execution.TestUserStory2AgentWorkflow" name="test_mixed_step_types_workflow" time="0.005" /><testcase classname="tests.integration.dsl.test_workflow_execution.TestUserStory2AgentWorkflow" name="test_agent_failure_handling" time="0.003" /><testcase classname="tests.integration.dsl.test_workflow_execution.TestUserStory3ValidateWorkflow" name="test_validate_step_passes_first_try" time="0.004" /><testcase classname="tests.integration.dsl.test_workflow_execution.TestUserStory3ValidateWorkflow" name="test_subworkflow_step_execution" time="0.006" /><testcase classname="tests.integration.dsl.test_workflow_execution.TestUserStory3ValidateWorkflow" name="test_nested_subworkflows" time="0.010" /><testcase classname="tests.integration.dsl.test_workflow_execution.TestUserStory3ValidateWorkflow" name="test_subworkflow_failure_propagation" time="0.005" /><testcase classname="tests.integration.dsl.test_workflow_execution.TestUserStory3ValidateWorkflow" name="test_validate_and_subworkflow_combined" time="0.005" /><testcase classname="tests.integration.dsl.test_workflow_execution.TestEdgeCases" name="test_context_builder_failure_stops_workflow" time="0.007" /><testcase classname="tests.integration.dsl.test_workflow_execution.TestEdgeCases" name="test_validate_step_stages_not_found_returns_failed_result" time="0.002" /><testcase classname="tests.integration.dsl.test_workflow_execution.TestEdgeCases" name="test_engine_catches_step_execution_exception" time="0.007" /><testcase classname="tests.integration.dsl.test_workflow_execution.TestEdgeCases" name="test_workflow_cancellation" time="0.011" /><testcase classname="tests.integration.dsl.test_workflow_roundtrip.TestWorkflowRoundtripBasic" name="test_minimal_workflow_yaml_roundtrip" time="0.005" /><testcase classname="tests.integration.dsl.test_workflow_roundtrip.TestWorkflowRoundtripBasic" name="test_workflow_with_description_roundtrip" time="0.003" /><testcase classname="tests.integration.dsl.test_workflow_roundtrip.TestWorkflowRoundtripBasic" name="test_workflow_with_inputs_roundtrip" time="0.010" /><testcase classname="tests.integration.dsl.test_workflow_roundtrip.TestWorkflowRoundtripStepTypes" name="test_python_step_roundtrip" time="0.006" /><testcase classname="tests.integration.dsl.test_workflow_roundtrip.TestWorkflowRoundtripStepTypes" name="test_agent_step_roundtrip" time="0.003" /><testcase classname="tests.integration.dsl.test_workflow_roundtrip.TestWorkflowRoundtripStepTypes" name="test_generate_step_roundtrip" time="0.003" /><testcase classname="tests.integration.dsl.test_workflow_roundtrip.TestWorkflowRoundtripStepTypes" name="test_validate_step_roundtrip" time="0.002" /><testcase classname="tests.integration.dsl.test_workflow_roundtrip.TestWorkflowRoundtripStepTypes" name="test_validate_with_on_failure_roundtrip" time="0.003" /><testcase classname="tests.integration.dsl.test_workflow_roundtrip.TestWorkflowRoundtripStepTypes" name="test_subworkflow_step_roundtrip" time="0.005" /><testcase classname="tests.integration.dsl.test_workflow_roundtrip.TestWorkflowRoundtripStepTypes" name="test_branch_step_roundtrip" time="0.011" /><testcase classname="tests.integration.dsl.test_workflow_roundtrip.TestWorkflowRoundtripStepTypes" name="test_parallel_step_roundtrip" time="0.004" /><testcase classname="tests.integration.dsl.test_workflow_roundtrip.TestWorkflowRoundtripExpressions" name="test_expression_in_when_field" time="0.002" /><testcase classname="tests.integration.dsl.test_workflow_roundtrip.TestWorkflowRoundtripExpressions" name="test_expressions_in_args_kwargs" time="0.003" /><testcase classname="tests.integration.dsl.test_workflow_roundtrip.TestWorkflowRoundtripExpressions" name="test_expressions_in_context" time="0.003" /><testcase classname="tests.integration.dsl.test_workflow_roundtrip.TestWorkflowRoundtripNestedStructures" name="test_deeply_nested_branch_in_parallel" time="0.005" /><testcase classname="tests.integration.dsl.test_workflow_roundtrip.TestWorkflowRoundtripNestedStructures" name="test_validate_with_nested_on_failure_branch" time="0.004" /><testcase classname="tests.integration.dsl.test_workflow_roundtrip.TestWorkflowRoundtripJSON" name="test_minimal_workflow_json_roundtrip" time="0.001" /><testcase classname="tests.integration.dsl.test_workflow_roundtrip.TestWorkflowRoundtripJSON" name="test_complex_workflow_json_roundtrip" time="0.002" /><testcase classname="tests.integration.dsl.test_workflow_roundtrip.TestWorkflowRoundtripEquivalence" name="test_model_equality_after_roundtrip" time="0.002" /><testcase classname="tests.integration.dsl.test_workflow_roundtrip.TestWorkflowRoundtripEquivalence" name="test_multiple_roundtrips_stable" time="0.003" /><testcase classname="tests.integration.dsl.test_workflow_roundtrip.TestWorkflowRoundtripEquivalence" name="test_field_ordering_preserved" time="0.003" /><testcase classname="tests.integration.hooks.test_hook_composition.TestSafetyHooksIntegration" name="test_bash_command_blocking_dangerous_rm_rf" time="0.010" /><testcase classname="tests.integration.hooks.test_hook_composition.TestSafetyHooksIntegration" name="test_bash_command_blocking_fork_bombs_and_system_commands" time="0.008" /><testcase classname="tests.integration.hooks.test_hook_composition.TestSafetyHooksIntegration" name="test_bash_command_allows_safe_commands" time="0.003" /><testcase classname="tests.integration.hooks.test_hook_composition.TestSafetyHooksIntegration" name="test_bash_command_with_custom_blocklist" time="0.010" /><testcase classname="tests.integration.hooks.test_hook_composition.TestSafetyHooksIntegration" name="test_bash_command_with_allow_override" time="0.002" /><testcase classname="tests.integration.hooks.test_hook_composition.TestSafetyHooksIntegration" name="test_file_write_blocking_sensitive_paths" time="0.009" /><testcase classname="tests.integration.hooks.test_hook_composition.TestSafetyHooksIntegration" name="test_file_write_allows_safe_paths" time="0.002" /><testcase classname="tests.integration.hooks.test_hook_composition.TestSafetyHooksIntegration" name="test_file_write_with_allowlist" time="0.002" /><testcase classname="tests.integration.hooks.test_hook_composition.TestSafetyHooksIntegration" name="test_file_write_with_custom_blocklist" time="0.002" /><testcase classname="tests.integration.hooks.test_hook_composition.TestSafetyHooksIntegration" name="test_safety_hooks_can_be_disabled" time="0.001" /><testcase classname="tests.integration.hooks.test_hook_composition.TestLoggingHooksIntegration" name="test_logging_hook_creates_log_entries" time="0.002" /><testcase classname="tests.integration.hooks.test_hook_composition.TestLoggingHooksIntegration" name="test_logging_hook_sanitizes_sensitive_data" time="0.002" /><testcase classname="tests.integration.hooks.test_hook_composition.TestLoggingHooksIntegration" name="test_metrics_collector_records_entries" time="0.001" /><testcase classname="tests.integration.hooks.test_hook_composition.TestLoggingHooksIntegration" name="test_metrics_collector_aggregates_multiple_calls" time="0.001" /><testcase classname="tests.integration.hooks.test_hook_composition.TestLoggingHooksIntegration" name="test_metrics_collector_tracks_multiple_tools" time="0.001" /><testcase classname="tests.integration.hooks.test_hook_composition.TestLoggingHooksIntegration" name="test_logging_can_be_disabled" time="0.001" /><testcase classname="tests.integration.hooks.test_hook_composition.TestCombinedHooksIntegration" name="test_safety_blocks_before_logging" time="0.001" /><testcase classname="tests.integration.hooks.test_hook_composition.TestCombinedHooksIntegration" name="test_safety_allows_then_logging_records" time="0.001" /><testcase classname="tests.integration.hooks.test_hook_composition.TestCombinedHooksIntegration" name="test_combined_hooks_workflow" time="0.002" /><testcase classname="tests.integration.hooks.test_hook_composition.TestFailClosedBehavior" name="test_bash_validation_fails_closed_on_exception" time="0.001" /><testcase classname="tests.integration.hooks.test_hook_composition.TestFailClosedBehavior" name="test_file_validation_fails_closed_on_exception" time="0.001" /><testcase classname="tests.integration.hooks.test_hook_composition.TestFailClosedBehavior" name="test_logging_hook_does_not_fail_on_exception" time="0.001" /><testcase classname="tests.integration.hooks.test_hook_composition.TestFailClosedBehavior" name="test_metrics_collection_does_not_fail_on_exception" time="0.001" /><testcase classname="tests.integration.hooks.test_hook_composition.TestHookPerformance" name="test_safety_hook_performance_under_10ms" time="0.001" /><testcase classname="tests.integration.hooks.test_hook_composition.TestHookPerformance" name="test_file_write_hook_performance_under_10ms" time="0.001" /><testcase classname="tests.integration.hooks.test_hook_composition.TestHookPerformance" name="test_logging_hook_performance_under_10ms" time="0.001" /><testcase classname="tests.integration.hooks.test_hook_composition.TestHookPerformance" name="test_metrics_collection_performance_under_10ms" time="0.001" /><testcase classname="tests.integration.hooks.test_hook_composition.TestHookPerformance" name="test_combined_hooks_performance_under_20ms" time="0.001" /><testcase classname="tests.integration.hooks.test_hook_composition.TestHookPerformance" name="test_concurrent_hook_execution_performance" time="0.001" /><testcase classname="tests.integration.runners.test_integration.TestCommandRunnerIntegration" name="test_run_echo_command" time="0.004" /><testcase classname="tests.integration.runners.test_integration.TestCommandRunnerIntegration" name="test_run_command_with_error" time="0.003" /><testcase classname="tests.integration.runners.test_integration.TestGitHubCLIRunnerIntegration" name="test_list_issues" time="0.000"><skipped type="pytest.skip" message="Requires gh CLI authentication">/workspaces/maverick/tests/integration/runners/test_integration.py:51: Requires gh CLI authentication</skipped></testcase><testcase classname="tests.integration.runners.test_integration.TestValidationRunnerIntegration" name="test_validation_stages" time="0.000"><skipped type="pytest.skip" message="Requires ruff to be installed">/workspaces/maverick/tests/integration/runners/test_integration.py:67: Requires ruff to be installed</skipped></testcase><testcase classname="tests.integration.test_checkpoint_resume" name="test_checkpoint_saves_state" time="0.009" /><testcase classname="tests.integration.test_checkpoint_resume" name="test_resume_from_checkpoint" time="0.006" /><testcase classname="tests.integration.test_checkpoint_resume" name="test_resume_with_mismatched_inputs_fails" time="0.006" /><testcase classname="tests.integration.test_checkpoint_resume" name="test_checkpoint_persists_to_file" time="0.004" /><testcase classname="tests.integration.test_commit_push_fragment.TestCommitAndPushFragment" name="test_fragment_with_provided_message" time="0.019" /><testcase classname="tests.integration.test_commit_push_fragment.TestCommitAndPushFragment" name="test_fragment_with_generated_message" time="0.018" /><testcase classname="tests.integration.test_commit_push_fragment.TestCommitAndPushFragment" name="test_fragment_with_push_disabled" time="0.012" /><testcase classname="tests.integration.test_commit_push_fragment.TestCommitAndPushFragment" name="test_fragment_with_default_push" time="0.012" /><testcase classname="tests.integration.test_commit_push_fragment.TestCommitAndPushFragment" name="test_fragment_step_execution_order" time="0.016" /><testcase classname="tests.integration.test_commit_push_fragment.TestCommitAndPushFragment" name="test_fragment_commit_includes_attribution" time="0.013" /><testcase classname="tests.integration.test_commit_push_fragment.TestCommitAndPushFragment" name="test_fragment_commit_adds_all_files" time="0.014" /><testcase classname="tests.integration.test_commit_push_fragment.TestCommitAndPushFragment" name="test_fragment_context_builder_integration" time="0.012" /><testcase classname="tests.integration.test_commit_push_fragment.TestCommitAndPushFragment" name="test_fragment_with_empty_message_string" time="0.012" /><testcase classname="tests.integration.test_config_loading.TestConfigLoadingIntegration" name="test_full_config_hierarchy" time="0.004" /><testcase classname="tests.integration.test_config_loading.TestConfigLoadingIntegration" name="test_defaults_only" time="0.002" /><testcase classname="tests.integration.test_config_performance.TestConfigPerformance" name="test_config_loading_under_100ms" time="0.007" /><testcase classname="tests.integration.test_config_performance.TestConfigPerformance" name="test_config_loading_warm_cache_under_100ms" time="0.008" /><testcase classname="tests.integration.test_config_performance.TestConfigPerformance" name="test_config_loading_defaults_only_under_100ms" time="0.002" /><testcase classname="tests.integration.test_fragment_invocation" name="test_workflow_invokes_fragment_by_name" time="0.288" /><testcase classname="tests.integration.test_fragment_invocation" name="test_workflow_fragment_not_found_error" time="0.265" /><testcase classname="tests.integration.test_fragment_invocation" name="test_nested_fragment_invocation" time="0.292" /><testcase classname="tests.integration.test_fragment_override" name="test_fragment_project_overrides_user" time="0.004" /><testcase classname="tests.integration.test_fragment_override" name="test_fragment_user_overrides_builtin" time="0.005" /><testcase classname="tests.integration.test_pr_creation_fragment.TestCreatePRWithSummaryFragment" name="test_fragment_with_provided_title" time="0.000"><skipped type="pytest.skip" message="Expression parser doesn't support ternary 'if...else...' syntax yet">/workspaces/maverick/tests/integration/test_pr_creation_fragment.py:113: Expression parser doesn't support ternary 'if...else...' syntax yet</skipped></testcase><testcase classname="tests.integration.test_pr_creation_fragment.TestCreatePRWithSummaryFragment" name="test_fragment_with_generated_title" time="0.000"><skipped type="pytest.skip" message="Expression parser doesn't support ternary 'if...else...' syntax yet">/workspaces/maverick/tests/integration/test_pr_creation_fragment.py:177: Expression parser doesn't support ternary 'if...else...' syntax yet</skipped></testcase><testcase classname="tests.integration.test_pr_creation_fragment.TestCreatePRWithSummaryFragment" name="test_fragment_with_draft_pr" time="0.000"><skipped type="pytest.skip" message="Expression parser doesn't support ternary 'if...else...' syntax yet">/workspaces/maverick/tests/integration/test_pr_creation_fragment.py:232: Expression parser doesn't support ternary 'if...else...' syntax yet</skipped></testcase><testcase classname="tests.integration.test_pr_creation_fragment.TestCreatePRWithSummaryFragment" name="test_fragment_with_default_draft" time="0.000"><skipped type="pytest.skip" message="Expression parser doesn't support ternary 'if...else...' syntax yet">/workspaces/maverick/tests/integration/test_pr_creation_fragment.py:265: Expression parser doesn't support ternary 'if...else...' syntax yet</skipped></testcase><testcase classname="tests.integration.test_pr_creation_fragment.TestCreatePRWithSummaryFragment" name="test_fragment_with_custom_base_branch" time="0.000"><skipped type="pytest.skip" message="Expression parser doesn't support ternary 'if...else...' syntax yet">/workspaces/maverick/tests/integration/test_pr_creation_fragment.py:292: Expression parser doesn't support ternary 'if...else...' syntax yet</skipped></testcase><testcase classname="tests.integration.test_pr_creation_fragment.TestCreatePRWithSummaryFragment" name="test_fragment_with_default_base_branch" time="0.000"><skipped type="pytest.skip" message="Expression parser doesn't support ternary 'if...else...' syntax yet">/workspaces/maverick/tests/integration/test_pr_creation_fragment.py:322: Expression parser doesn't support ternary 'if...else...' syntax yet</skipped></testcase><testcase classname="tests.integration.test_pr_creation_fragment.TestCreatePRWithSummaryFragment" name="test_fragment_step_execution_order" time="0.017" /><testcase classname="tests.integration.test_pr_creation_fragment.TestCreatePRWithSummaryFragment" name="test_fragment_pr_body_generation" time="0.000"><skipped type="pytest.skip" message="Expression parser doesn't support ternary 'if...else...' syntax yet">/workspaces/maverick/tests/integration/test_pr_creation_fragment.py:416: Expression parser doesn't support ternary 'if...else...' syntax yet</skipped></testcase><testcase classname="tests.integration.test_pr_creation_fragment.TestCreatePRWithSummaryFragment" name="test_fragment_title_context_builder_integration" time="0.000"><skipped type="pytest.skip" message="Expression parser doesn't support ternary 'if...else...' syntax yet">/workspaces/maverick/tests/integration/test_pr_creation_fragment.py:458: Expression parser doesn't support ternary 'if...else...' syntax yet</skipped></testcase><testcase classname="tests.integration.test_pr_creation_fragment.TestCreatePRWithSummaryFragment" name="test_fragment_body_context_builder_integration" time="0.014" /><testcase classname="tests.integration.test_pr_creation_fragment.TestCreatePRWithSummaryFragment" name="test_fragment_with_all_custom_inputs" time="0.000"><skipped type="pytest.skip" message="Expression parser doesn't support ternary 'if...else...' syntax yet">/workspaces/maverick/tests/integration/test_pr_creation_fragment.py:522: Expression parser doesn't support ternary 'if...else...' syntax yet</skipped></testcase><testcase classname="tests.integration.test_pr_creation_fragment.TestCreatePRWithSummaryFragment" name="test_fragment_returns_pr_metadata" time="0.000"><skipped type="pytest.skip" message="Expression parser doesn't support ternary 'if...else...' syntax yet">/workspaces/maverick/tests/integration/test_pr_creation_fragment.py:557: Expression parser doesn't support ternary 'if...else...' syntax yet</skipped></testcase><testcase classname="tests.integration.test_pr_creation_fragment.TestCreatePRWithSummaryFragment" name="test_fragment_with_empty_title_string" time="0.000"><skipped type="pytest.skip" message="Expression parser doesn't support ternary 'if...else...' syntax yet">/workspaces/maverick/tests/integration/test_pr_creation_fragment.py:586: Expression parser doesn't support ternary 'if...else...' syntax yet</skipped></testcase><testcase classname="tests.integration.test_quick_fix_workflow.TestQuickFixWorkflowIntegration" name="test_quick_fix_workflow_complete_flow" time="0.016" /><testcase classname="tests.integration.test_quick_fix_workflow.TestQuickFixWorkflowIntegration" name="test_quick_fix_workflow_issue_fetch_failure" time="0.017" /><testcase classname="tests.integration.test_quick_fix_workflow.TestQuickFixWorkflowIntegration" name="test_quick_fix_workflow_validation_failure_exhausts_attempts" time="0.016" /><testcase classname="tests.integration.test_quick_fix_workflow.TestQuickFixWorkflowIntegration" name="test_quick_fix_workflow_emits_progress_events" time="0.026" /><testcase classname="tests.integration.test_quick_fix_workflow.TestQuickFixWorkflowActions" name="test_fetch_issue_action_success" time="0.001" /><testcase classname="tests.integration.test_quick_fix_workflow.TestQuickFixWorkflowActions" name="test_fetch_issue_action_failure" time="0.001" /><testcase classname="tests.integration.test_quick_fix_workflow.TestQuickFixWorkflowActions" name="test_fetch_issue_with_no_assignees" time="0.001" /><testcase classname="tests.integration.test_quick_fix_workflow.TestQuickFixWorkflowEdgeCases" name="test_workflow_with_closed_issue" time="0.001" /><testcase classname="tests.integration.test_quick_fix_workflow.TestQuickFixWorkflowEdgeCases" name="test_workflow_with_unicode_in_issue" time="0.001" /><testcase classname="tests.integration.test_quick_fix_workflow.TestQuickFixWorkflowEdgeCases" name="test_workflow_with_missing_issue_body" time="0.001" /><testcase classname="tests.integration.test_quick_fix_workflow.TestQuickFixWorkflowEdgeCases" name="test_workflow_network_timeout" time="0.001" /><testcase classname="tests.integration.test_review_workflow.TestReviewWorkflowIntegration" name="test_review_workflow_with_pr_number" time="0.015" /><testcase classname="tests.integration.test_review_workflow.TestReviewWorkflowIntegration" name="test_review_workflow_auto_detect_pr" time="0.022" /><testcase classname="tests.integration.test_review_workflow.TestReviewWorkflowIntegration" name="test_review_workflow_with_coderabbit" time="0.021" /><testcase classname="tests.integration.test_review_workflow.TestReviewWorkflowActions" name="test_gather_context_action" time="0.002" /><testcase classname="tests.integration.test_review_workflow.TestReviewWorkflowActions" name="test_run_coderabbit_when_unavailable" time="0.001" /><testcase classname="tests.integration.test_review_workflow.TestReviewWorkflowActions" name="test_run_coderabbit_when_available" time="0.002" /><testcase classname="tests.integration.test_review_workflow.TestReviewWorkflowActions" name="test_combine_results_action" time="0.001" /><testcase classname="tests.integration.test_review_workflow.TestReviewWorkflowEdgeCases" name="test_workflow_with_empty_diff" time="0.001" /><testcase classname="tests.integration.test_review_workflow.TestReviewWorkflowEdgeCases" name="test_workflow_handles_pr_fetch_failure" time="0.002" /><testcase classname="tests.integration.test_review_workflow.TestReviewWorkflowEdgeCases" name="test_workflow_with_unicode_in_pr" time="0.001" /><testcase classname="tests.integration.test_scaffold_workflow.TestWorkflowNameValidation" name="test_valid_names" time="0.001" /><testcase classname="tests.integration.test_scaffold_workflow.TestWorkflowNameValidation" name="test_invalid_empty_name" time="0.000" /><testcase classname="tests.integration.test_scaffold_workflow.TestWorkflowNameValidation" name="test_invalid_too_long" time="0.000" /><testcase classname="tests.integration.test_scaffold_workflow.TestWorkflowNameValidation" name="test_invalid_uppercase_start" time="0.000" /><testcase classname="tests.integration.test_scaffold_workflow.TestWorkflowNameValidation" name="test_invalid_number_start" time="0.000" /><testcase classname="tests.integration.test_scaffold_workflow.TestWorkflowNameValidation" name="test_invalid_special_characters" time="0.000" /><testcase classname="tests.integration.test_scaffold_workflow.TestDefaultOutputDirectory" name="test_default_output_dir" time="0.001" /><testcase classname="tests.integration.test_scaffold_workflow.TestBasicTemplateScaffolding" name="test_scaffold_basic_yaml_workflow" time="0.124" /><testcase classname="tests.integration.test_scaffold_workflow.TestBasicTemplateScaffolding" name="test_scaffold_basic_yaml_with_default_values" time="0.007" /><testcase classname="tests.integration.test_scaffold_workflow.TestBasicTemplateScaffolding" name="test_scaffold_rejects_invalid_name" time="0.002" /><testcase classname="tests.integration.test_scaffold_workflow.TestBasicTemplateScaffolding" name="test_scaffold_rejects_existing_file" time="0.002" /><testcase classname="tests.integration.test_scaffold_workflow.TestBasicTemplateScaffolding" name="test_scaffold_overwrites_with_flag" time="0.007" /><testcase classname="tests.integration.test_scaffold_workflow.TestFullTemplateScaffolding" name="test_scaffold_full_yaml_workflow" time="0.007" /><testcase classname="tests.integration.test_scaffold_workflow.TestFullTemplateScaffolding" name="test_full_template_includes_subworkflow_references" time="0.004" /><testcase classname="tests.integration.test_scaffold_workflow.TestParallelTemplateScaffolding" name="test_scaffold_parallel_yaml_workflow" time="0.019" /><testcase classname="tests.integration.test_scaffold_workflow.TestParallelTemplateScaffolding" name="test_parallel_template_has_multiple_substeps" time="0.013" /><testcase classname="tests.integration.test_scaffold_workflow.TestPythonTemplateScaffolding" name="test_scaffold_basic_python_workflow" time="0.005" /><testcase classname="tests.integration.test_scaffold_workflow.TestPythonTemplateScaffolding" name="test_scaffold_full_python_workflow" time="0.005" /><testcase classname="tests.integration.test_scaffold_workflow.TestPythonTemplateScaffolding" name="test_scaffold_parallel_python_workflow" time="0.010" /><testcase classname="tests.integration.test_scaffold_workflow.TestScaffoldCustomValues" name="test_custom_description_appears_in_output" time="0.012" /><testcase classname="tests.integration.test_scaffold_workflow.TestScaffoldCustomValues" name="test_custom_author_appears_in_output" time="0.010" /><testcase classname="tests.integration.test_scaffold_workflow.TestScaffoldCustomValues" name="test_all_custom_values_together" time="0.014" /><testcase classname="tests.integration.test_scaffold_workflow.TestScaffoldDirectoryHandling" name="test_scaffold_to_project_directory" time="0.011" /><testcase classname="tests.integration.test_scaffold_workflow.TestScaffoldDirectoryHandling" name="test_scaffold_to_custom_directory" time="0.008" /><testcase classname="tests.integration.test_scaffold_workflow.TestScaffoldDirectoryHandling" name="test_scaffold_creates_parent_directories" time="0.008" /><testcase classname="tests.integration.test_scaffold_workflow.TestScaffoldPreviewMode" name="test_preview_returns_content_without_creating_file" time="0.007" /><testcase classname="tests.integration.test_scaffold_workflow.TestScaffoldPreviewMode" name="test_preview_content_is_valid_workflow" time="0.010" /><testcase classname="tests.integration.test_scaffold_workflow.TestScaffoldPreviewMode" name="test_preview_python_content_has_valid_syntax" time="0.005" /><testcase classname="tests.integration.test_scaffold_workflow.TestScaffoldPreviewMode" name="test_preview_with_invalid_name_raises_error" time="0.002" /><testcase classname="tests.integration.test_scaffold_workflow.TestTemplateList" name="test_list_templates_returns_all_types" time="0.002" /><testcase classname="tests.integration.test_scaffold_workflow.TestTemplateList" name="test_list_templates_includes_both_formats" time="0.002" /><testcase classname="tests.integration.test_scaffold_workflow.TestTemplateList" name="test_template_info_has_description" time="0.002" /><testcase classname="tests.integration.test_scaffold_workflow.TestTemplateList" name="test_template_info_has_example_steps" time="0.005" /><testcase classname="tests.integration.test_validate_and_fix_fragment.TestValidateAndFixFragment" name="test_fragment_with_default_inputs" time="0.012"><skipped type="pytest.skip" message="Requires validate step type implementation in executor">/workspaces/maverick/tests/integration/test_validate_and_fix_fragment.py:196: Requires validate step type implementation in executor</skipped></testcase><testcase classname="tests.integration.test_validate_and_fix_fragment.TestValidateAndFixFragment" name="test_fragment_with_custom_stages" time="0.013"><skipped type="pytest.skip" message="Requires validate step type implementation in executor">/workspaces/maverick/tests/integration/test_validate_and_fix_fragment.py:219: Requires validate step type implementation in executor</skipped></testcase><testcase classname="tests.integration.test_validate_and_fix_fragment.TestValidateAndFixFragment" name="test_fragment_with_zero_max_attempts" time="0.012"><skipped type="pytest.skip" message="Requires validate step type implementation in executor">/workspaces/maverick/tests/integration/test_validate_and_fix_fragment.py:240: Requires validate step type implementation in executor</skipped></testcase><testcase classname="tests.integration.test_validate_and_fix_fragment.TestValidateAndFixFragment" name="test_fragment_validation_passes_initially" time="0.018"><skipped type="pytest.skip" message="Requires validate step type implementation in executor">/workspaces/maverick/tests/integration/test_validate_and_fix_fragment.py:261: Requires validate step type implementation in executor</skipped></testcase><testcase classname="tests.integration.test_validate_and_fix_fragment.TestValidateAndFixFragment" name="test_fragment_validation_fails_then_succeeds" time="0.014"><skipped type="pytest.skip" message="Requires validate step type implementation in executor">/workspaces/maverick/tests/integration/test_validate_and_fix_fragment.py:282: Requires validate step type implementation in executor</skipped></testcase><testcase classname="tests.integration.test_validate_and_fix_fragment.TestValidateAndFixFragment" name="test_fragment_validation_exhausts_attempts" time="0.013"><skipped type="pytest.skip" message="Requires validate step type implementation in executor">/workspaces/maverick/tests/integration/test_validate_and_fix_fragment.py:306: Requires validate step type implementation in executor</skipped></testcase><testcase classname="tests.integration.test_validate_and_fix_fragment.TestValidateAndFixFragment" name="test_fragment_with_custom_fixer_agent" time="0.024"><skipped type="pytest.skip" message="Requires validate step type implementation in executor">/workspaces/maverick/tests/integration/test_validate_and_fix_fragment.py:328: Requires validate step type implementation in executor</skipped></testcase><testcase classname="tests.integration.test_validate_and_fix_fragment.TestValidateAndFixFragment" name="test_fragment_step_execution_order" time="0.015"><skipped type="pytest.skip" message="Requires validate step type implementation in executor">/workspaces/maverick/tests/integration/test_validate_and_fix_fragment.py:347: Requires validate step type implementation in executor</skipped></testcase><testcase classname="tests.integration.test_validate_and_fix_fragment.TestValidateAndFixFragment" name="test_fragment_reports_all_stage_results" time="0.013"><skipped type="pytest.skip" message="Requires validate step type implementation in executor">/workspaces/maverick/tests/integration/test_validate_and_fix_fragment.py:368: Requires validate step type implementation in executor</skipped></testcase><testcase classname="tests.integration.test_validate_workflow.TestValidateWorkflowIntegration" name="test_validate_workflow_with_fix_disabled" time="0.013" /><testcase classname="tests.integration.test_validate_workflow.TestValidateWorkflowIntegration" name="test_validate_workflow_passes_on_first_attempt" time="0.014" /><testcase classname="tests.integration.test_validate_workflow.TestValidateWorkflowIntegration" name="test_validate_workflow_with_fix_enabled_and_failure" time="0.018" /><testcase classname="tests.integration.test_validate_workflow.TestValidateWorkflowIntegration" name="test_validate_workflow_with_custom_max_attempts" time="0.012" /><testcase classname="tests.integration.test_validate_workflow.TestValidateWorkflowActions" name="test_log_message_action" time="0.001" /><testcase classname="tests.integration.test_validate_workflow.TestValidateWorkflowActions" name="test_generate_validation_report_with_success" time="0.001" /><testcase classname="tests.integration.test_validate_workflow.TestValidateWorkflowActions" name="test_generate_validation_report_with_fixes" time="0.001" /><testcase classname="tests.integration.test_validate_workflow.TestValidateWorkflowEdgeCases" name="test_workflow_with_zero_max_attempts" time="0.001" /><testcase classname="tests.integration.test_validate_workflow.TestValidateWorkflowEdgeCases" name="test_workflow_with_empty_stages" time="0.001" /><testcase classname="tests.integration.test_validate_workflow.TestValidateWorkflowEdgeCases" name="test_workflow_validation_failure_with_fix_disabled" time="0.001" /><testcase classname="tests.integration.test_workflow_discovery.TestWorkflowDiscoveryIntegration" name="test_complete_discovery_flow_with_all_sources" time="0.242" /><testcase classname="tests.integration.test_workflow_discovery.TestWorkflowDiscoveryIntegration" name="test_partial_discovery_without_builtin" time="0.005" /><testcase classname="tests.integration.test_workflow_discovery.TestWorkflowDiscoveryIntegration" name="test_error_resilience_with_invalid_files" time="0.003" /><testcase classname="tests.integration.test_workflow_discovery.TestWorkflowDiscoveryIntegration" name="test_fragment_discovery_with_override_precedence" time="0.256" /><testcase classname="tests.integration.test_workflow_discovery.TestWorkflowDiscoveryIntegration" name="test_builtin_workflows_from_library" time="0.336" /><testcase classname="tests.integration.test_workflow_discovery.TestWorkflowDiscoveryIntegration" name="test_builtin_fragments_from_library" time="0.297" /><testcase classname="tests.integration.test_workflow_discovery.TestWorkflowDiscoveryIntegration" name="test_discovery_performance_metrics" time="0.003" /><testcase classname="tests.integration.tools.test_github.TestGitHubToolsServerCreation" name="test_create_server_with_valid_prerequisites" time="0.001" /><testcase classname="tests.integration.tools.test_github.TestGitHubToolsServerCreation" name="test_create_server_skip_verification" time="0.000" /><testcase classname="tests.integration.tools.test_github.TestGitHubToolsServerCreation" name="test_server_tools_have_correct_parameters" time="0.000" /><testcase classname="tests.integration.tools.test_github.TestGitHubToolsPerformance" name="test_list_issues_performance_under_5_seconds" time="0.388" /><testcase classname="tests.integration.tools.test_github.TestGitHubToolsPerformance" name="test_get_issue_performance_under_5_seconds" time="1.002" /><testcase classname="tests.integration.tools.test_github.TestGitHubToolsPerformance" name="test_server_creation_performance" time="0.002" /><testcase classname="tests.integration.tools.test_github.TestGitHubToolsPerformance" name="test_multiple_tool_calls_performance" time="1.753" /><testcase classname="tests.integration.tools.test_github.TestGitHubToolsPerformance" name="test_parallel_tool_calls_performance" time="0.489" /><testcase classname="tests.integration.tools.test_github.TestGitHubToolsErrorHandling" name="test_create_server_outside_git_repo_succeeds_with_lazy_verification" time="0.002" /><testcase classname="tests.integration.tools.test_github.TestGitHubToolsErrorHandling" name="test_verify_prerequisites_outside_git_repo_fails" time="0.307" /><testcase classname="tests.integration.tools.test_github.TestGitHubToolsErrorHandling" name="test_invalid_issue_number_returns_error" time="0.002" /><testcase classname="tests.integration.tools.test_github.TestGitHubToolsErrorHandling" name="test_nonexistent_issue_returns_not_found" time="0.310" /><testcase classname="tests.integration.tools.test_github.TestGitHubToolsErrorHandling" name="test_invalid_state_returns_validation_error" time="0.001" /><testcase classname="tests.integration.tools.test_github.TestGitHubToolsErrorHandling" name="test_empty_issue_list_handled_gracefully" time="0.690" /><testcase classname="tests.integration.tools.test_github.TestGitHubToolsResponseFormats" name="test_list_issues_response_format" time="0.352" /><testcase classname="tests.integration.tools.test_github.TestGitHubToolsResponseFormats" name="test_get_issue_response_format" time="0.901" /><testcase classname="tests.integration.tools.test_github.TestGitHubToolsResponseFormats" name="test_error_response_format" time="0.002" /><testcase classname="tests.integration.workflows.test_fly_e2e" name="test_complete_workflow_execution_with_all_mocked_dependencies" time="0.012" /><testcase classname="tests.integration.workflows.test_fly_e2e" name="test_workflow_handles_git_runner_branch_creation_failure" time="0.004" /><testcase classname="tests.integration.workflows.test_fly_e2e" name="test_workflow_handles_github_runner_pr_creation_failure" time="0.006" /><testcase classname="tests.integration.workflows.test_fly_e2e" name="test_workflow_handles_implementer_agent_failure" time="0.005" /><testcase classname="tests.integration.workflows.test_fly_e2e" name="test_validation_failure_continues_workflow_with_draft_pr" time="0.004" /><testcase classname="tests.integration.workflows.test_fly_e2e" name="test_validation_failure_captured_in_final_result" time="0.003" /><testcase classname="tests.integration.workflows.test_fly_e2e" name="test_workflow_with_skip_review_flag" time="0.002" /><testcase classname="tests.integration.workflows.test_fly_e2e" name="test_workflow_with_skip_pr_flag" time="0.003" /><testcase classname="tests.integration.workflows.test_validation_e2e" name="test_workflow_with_real_echo_commands" time="0.004" /><testcase classname="tests.integration.workflows.test_validation_e2e" name="test_workflow_with_failing_command" time="0.003" /><testcase classname="tests.integration.workflows.test_validation_e2e" name="test_workflow_with_command_not_found" time="0.002" /><testcase classname="tests.integration.workflows.test_validation_e2e" name="test_workflow_with_cwd_config" time="0.003" /><testcase classname="tests.integration.workflows.test_validation_e2e" name="test_workflow_with_timeout" time="0.509" /><testcase classname="tests.integration.workflows.test_validation_e2e" name="test_workflow_with_mock_fix_agent" time="0.005" /><testcase classname="tests.integration.workflows.test_validation_e2e" name="test_workflow_fix_agent_called_on_failure" time="0.008" /><testcase classname="tests.integration.workflows.test_validation_e2e" name="test_create_python_workflow_factory" time="0.002" /><testcase classname="tests.integration.workflows.test_validation_e2e" name="test_create_python_workflow_with_config" time="0.002" /><testcase classname="tests.integration.workflows.test_validation_e2e" name="test_create_python_workflow_with_fix_agent" time="0.002" /><testcase classname="tests.integration.workflows.test_validation_e2e" name="test_dry_run_mode_no_execution" time="0.001" /><testcase classname="tests.integration.workflows.test_validation_e2e" name="test_cancellation_integration" time="0.001" /><testcase classname="tests.integration.workflows.test_validation_e2e" name="test_cancellation_mid_workflow" time="0.002" /><testcase classname="tests.integration.workflows.test_validation_example" name="test_simple_workflow_with_runner" time="0.003" /><testcase classname="tests.integration.workflows.test_validation_example" name="test_workflow_event_filtering" time="0.002" /><testcase classname="tests.integration.workflows.test_validation_example" name="test_direct_async_generator_capture" time="0.002" /><testcase classname="tests.integration.workflows.test_validation_example" name="test_workflow_with_config" time="0.001" /><testcase classname="tests.integration.workflows.test_validation_example" name="test_workflow_with_failure" time="0.003" /><testcase classname="tests.integration.workflows.test_validation_example" name="test_multi_stage_workflow" time="0.005" /><testcase classname="tests.performance.test_discovery_performance.TestDiscoveryPerformance" name="test_discovery_performance_100_workflows" time="0.149" /><testcase classname="tests.performance.test_discovery_performance.TestDiscoveryPerformance" name="test_discovery_performance_with_fragments" time="0.150" /><testcase classname="tests.performance.test_discovery_performance.TestDiscoveryPerformance" name="test_discovery_performance_with_nested_directories" time="0.154" /><testcase classname="tests.performance.test_discovery_performance.TestDiscoveryPerformance" name="test_discovery_performance_benchmark_200_workflows" time="0.303" /><testcase classname="tests.test_github_fixtures" name="test_mock_github_cli_fixture_available" time="0.000" /><testcase classname="tests.test_github_fixtures" name="test_mock_github_cli_set_response" time="0.000" /><testcase classname="tests.test_github_fixtures" name="test_mock_github_cli_call_recording" time="0.000" /><testcase classname="tests.test_github_fixtures" name="test_mock_github_cli_pattern_matching" time="0.000" /><testcase classname="tests.test_github_fixtures" name="test_mock_github_cli_default_response" time="0.000" /><testcase classname="tests.test_github_fixtures" name="test_mock_github_cli_reset" time="0.000" /><testcase classname="tests.test_github_fixtures" name="test_command_response_defaults" time="0.000" /><testcase classname="tests.test_github_fixtures" name="test_command_response_custom_values" time="0.000" /><testcase classname="tests.test_github_fixtures" name="test_command_call_attributes" time="0.000" /><testcase classname="tests.tui.screens.test_home_example" name="test_workflow_list_renders_header" time="0.060" /><testcase classname="tests.tui.screens.test_home_example" name="test_workflow_list_widget_present" time="0.037" /><testcase classname="tests.tui.screens.test_home_example" name="test_workflow_list_widget_count" time="0.031" /><testcase classname="tests.tui.screens.test_home_example" name="test_workflow_list_sets_workflows" time="0.106" /><testcase classname="tests.tui.screens.test_home_example" name="test_workflow_list_selection" time="0.133" /><testcase classname="tests.tui.screens.test_home_example" name="test_workflow_list_empty_state" time="0.106" /><testcase classname="tests.tui.screens.test_home_example" name="test_workflow_list_navigation_actions" time="0.274" /><testcase classname="tests.tui.test_conftest.TestTUITestApp" name="test_tui_test_app_basic_usage" time="0.014" /><testcase classname="tests.tui.test_conftest.TestTUITestApp" name="test_tui_test_app_compose" time="0.011" /><testcase classname="tests.tui.test_conftest.TestTUITestApp" name="test_tui_test_app_no_css_by_default" time="0.002" /><testcase classname="tests.tui.test_conftest.TestScreenTestApp" name="test_screen_test_app_basic_usage" time="0.012" /><testcase classname="tests.tui.test_conftest.TestScreenTestApp" name="test_screen_test_app_no_css_by_default" time="0.001" /><testcase classname="tests.tui.test_conftest.TestTUIPilotFixture" name="test_tui_pilot_fixture_provides_pilot" time="0.009" /><testcase classname="tests.tui.test_conftest.TestTUIPilotFixture" name="test_tui_pilot_fixture_app_is_tui_test_app" time="0.009" /><testcase classname="tests.tui.test_conftest.TestAssertHasClass" name="test_assert_has_class_passes_when_class_exists" time="0.011" /><testcase classname="tests.tui.test_conftest.TestAssertHasClass" name="test_assert_has_class_fails_when_class_missing" time="0.012" /><testcase classname="tests.tui.test_conftest.TestAssertNotHasClass" name="test_assert_not_has_class_passes_when_class_missing" time="0.011" /><testcase classname="tests.tui.test_conftest.TestAssertNotHasClass" name="test_assert_not_has_class_fails_when_class_exists" time="0.012" /><testcase classname="tests.tui.test_conftest.TestAssertWidgetCount" name="test_assert_widget_count_passes_when_count_matches" time="0.014" /><testcase classname="tests.tui.test_conftest.TestAssertWidgetCount" name="test_assert_widget_count_fails_when_count_differs" time="0.015" /><testcase classname="tests.tui.test_conftest.TestAssertWidgetCount" name="test_assert_widget_count_with_id_selector" time="0.011" /><testcase classname="tests.tui.test_conftest.TestAssertWidgetCount" name="test_assert_widget_count_with_zero_count" time="0.011" /><testcase classname="tests.unit.agents.generators.test_base.TestGeneratorAgentConstruction" name="test_construction_with_required_fields" time="0.001" /><testcase classname="tests.unit.agents.generators.test_base.TestGeneratorAgentConstruction" name="test_construction_with_custom_model" time="0.000" /><testcase classname="tests.unit.agents.generators.test_base.TestGeneratorAgentConstruction" name="test_construction_with_empty_name_raises_error" time="0.001" /><testcase classname="tests.unit.agents.generators.test_base.TestGeneratorAgentConstruction" name="test_construction_with_empty_system_prompt_raises_error" time="0.001" /><testcase classname="tests.unit.agents.generators.test_base.TestGeneratorAgentProperties" name="test_name_property_is_read_only" time="0.000" /><testcase classname="tests.unit.agents.generators.test_base.TestGeneratorAgentProperties" name="test_system_prompt_property_is_read_only" time="0.000" /><testcase classname="tests.unit.agents.generators.test_base.TestGeneratorAgentProperties" name="test_model_property_is_read_only" time="0.000" /><testcase classname="tests.unit.agents.generators.test_base.TestTruncateInput" name="test_no_truncation_when_under_limit" time="0.000" /><testcase classname="tests.unit.agents.generators.test_base.TestTruncateInput" name="test_truncation_when_over_limit" time="0.001" /><testcase classname="tests.unit.agents.generators.test_base.TestTruncateInput" name="test_truncation_logs_warning" time="0.001" /><testcase classname="tests.unit.agents.generators.test_base.TestTruncateInput" name="test_exact_limit_no_truncation" time="0.000" /><testcase classname="tests.unit.agents.generators.test_base.TestQuery" name="test_query_returns_text_from_response" time="0.001" /><testcase classname="tests.unit.agents.generators.test_base.TestQuery" name="test_query_handles_multiple_text_blocks" time="0.001" /><testcase classname="tests.unit.agents.generators.test_base.TestQuery" name="test_query_handles_multiple_messages" time="0.001" /><testcase classname="tests.unit.agents.generators.test_base.TestQuery" name="test_query_wraps_expected_errors_in_generator_error" time="0.001" /><testcase classname="tests.unit.agents.generators.test_base.TestQuery" name="test_query_reraises_unexpected_errors" time="0.002" /><testcase classname="tests.unit.agents.generators.test_base.TestQuery" name="test_query_logs_debug_info" time="0.002" /><testcase classname="tests.unit.agents.generators.test_base.TestConstants" name="test_max_diff_size_is_100kb" time="0.000" /><testcase classname="tests.unit.agents.generators.test_base.TestConstants" name="test_max_snippet_size_is_10kb" time="0.000" /><testcase classname="tests.unit.agents.generators.test_base.TestConstants" name="test_default_model" time="0.000" /><testcase classname="tests.unit.agents.generators.test_code_analyzer.TestCodeAnalyzerConstruction" name="test_construction_with_defaults" time="0.000" /><testcase classname="tests.unit.agents.generators.test_code_analyzer.TestCodeAnalyzerConstruction" name="test_construction_with_custom_model" time="0.000" /><testcase classname="tests.unit.agents.generators.test_code_analyzer.TestCodeAnalyzerGenerate" name="test_generate_with_explain_type_returns_explanation" time="0.001" /><testcase classname="tests.unit.agents.generators.test_code_analyzer.TestCodeAnalyzerGenerate" name="test_generate_with_review_type_returns_issues" time="0.001" /><testcase classname="tests.unit.agents.generators.test_code_analyzer.TestCodeAnalyzerGenerate" name="test_generate_with_summarize_type_returns_summary" time="0.001" /><testcase classname="tests.unit.agents.generators.test_code_analyzer.TestCodeAnalyzerGenerate" name="test_generate_with_invalid_analysis_type_defaults_to_explain" time="0.001" /><testcase classname="tests.unit.agents.generators.test_code_analyzer.TestCodeAnalyzerGenerate" name="test_generate_with_language_hint_includes_language_in_prompt" time="0.001" /><testcase classname="tests.unit.agents.generators.test_code_analyzer.TestCodeAnalyzerGenerate" name="test_generate_with_empty_code_raises_error" time="0.001" /><testcase classname="tests.unit.agents.generators.test_code_analyzer.TestCodeAnalyzerGenerate" name="test_generate_with_whitespace_only_code_raises_error" time="0.001" /><testcase classname="tests.unit.agents.generators.test_code_analyzer.TestCodeAnalyzerGenerate" name="test_generate_with_missing_code_raises_error" time="0.001" /><testcase classname="tests.unit.agents.generators.test_code_analyzer.TestCodeAnalyzerGenerate" name="test_generate_truncates_large_code_at_10kb" time="0.001" /><testcase classname="tests.unit.agents.generators.test_code_analyzer.TestCodeAnalyzerGenerate" name="test_generate_logs_truncation_at_warning_level" time="0.003" /><testcase classname="tests.unit.agents.generators.test_code_analyzer.TestCodeAnalyzerGenerate" name="test_generate_without_analysis_type_defaults_to_explain" time="0.002" /><testcase classname="tests.unit.agents.generators.test_commit_message.TestCommitMessageGeneratorConstruction" name="test_construction_with_defaults" time="0.001" /><testcase classname="tests.unit.agents.generators.test_commit_message.TestCommitMessageGeneratorConstruction" name="test_construction_with_custom_model" time="0.001" /><testcase classname="tests.unit.agents.generators.test_commit_message.TestCommitMessageGeneratorConstruction" name="test_generator_has_no_tools" time="0.000" /><testcase classname="tests.unit.agents.generators.test_commit_message.TestCommitMessageGeneratorGenerate" name="test_generate_returns_conventional_commit_format" time="0.004" /><testcase classname="tests.unit.agents.generators.test_commit_message.TestCommitMessageGeneratorGenerate" name="test_scope_hint_override_works" time="0.001" /><testcase classname="tests.unit.agents.generators.test_commit_message.TestCommitMessageGeneratorGenerate" name="test_bug_fix_diff_produces_fix_type" time="0.001" /><testcase classname="tests.unit.agents.generators.test_commit_message.TestCommitMessageGeneratorGenerate" name="test_empty_diff_raises_generator_error" time="0.001" /><testcase classname="tests.unit.agents.generators.test_commit_message.TestCommitMessageGeneratorGenerate" name="test_missing_diff_raises_generator_error" time="0.001" /><testcase classname="tests.unit.agents.generators.test_commit_message.TestCommitMessageGeneratorGenerate" name="test_diff_truncation_at_100kb_with_warning" time="0.001" /><testcase classname="tests.unit.agents.generators.test_commit_message.TestCommitMessageGeneratorGenerate" name="test_file_stats_included_in_prompt" time="0.001" /><testcase classname="tests.unit.agents.generators.test_commit_message.TestCommitMessageGeneratorGenerate" name="test_optional_scope_hint_not_required" time="0.001" /><testcase classname="tests.unit.agents.generators.test_commit_message.TestCommitMessageGeneratorEdgeCases" name="test_whitespace_only_diff_raises_error" time="0.001" /><testcase classname="tests.unit.agents.generators.test_commit_message.TestCommitMessageGeneratorEdgeCases" name="test_api_error_wrapped_in_generator_error" time="0.001" /><testcase classname="tests.unit.agents.generators.test_commit_message.TestCommitMessageGeneratorEdgeCases" name="test_none_file_stats_handled_gracefully" time="0.001" /><testcase classname="tests.unit.agents.generators.test_commit_message.TestCommitMessageGeneratorSystemPrompt" name="test_system_prompt_mentions_conventional_commits" time="0.000" /><testcase classname="tests.unit.agents.generators.test_commit_message.TestCommitMessageGeneratorSystemPrompt" name="test_system_prompt_lists_commit_types" time="0.001" /><testcase classname="tests.unit.agents.generators.test_commit_message.TestCommitMessageGeneratorSystemPrompt" name="test_system_prompt_enforces_format_rules" time="0.000" /><testcase classname="tests.unit.agents.generators.test_error_explainer.TestErrorExplainerConstruction" name="test_construction_with_defaults" time="0.000" /><testcase classname="tests.unit.agents.generators.test_error_explainer.TestErrorExplainerConstruction" name="test_construction_with_custom_model" time="0.000" /><testcase classname="tests.unit.agents.generators.test_error_explainer.TestErrorExplainerGenerate" name="test_type_error_explanation_with_source_context" time="0.001" /><testcase classname="tests.unit.agents.generators.test_error_explainer.TestErrorExplainerGenerate" name="test_test_failure_explanation" time="0.001" /><testcase classname="tests.unit.agents.generators.test_error_explainer.TestErrorExplainerGenerate" name="test_lint_error_explanation" time="0.001" /><testcase classname="tests.unit.agents.generators.test_error_explainer.TestErrorExplainerGenerate" name="test_error_without_source_context_still_produces_explanation" time="0.001" /><testcase classname="tests.unit.agents.generators.test_error_explainer.TestErrorExplainerGenerate" name="test_empty_error_output_raises_generator_error" time="0.001" /><testcase classname="tests.unit.agents.generators.test_error_explainer.TestErrorExplainerGenerate" name="test_missing_error_output_raises_generator_error" time="0.001" /><testcase classname="tests.unit.agents.generators.test_error_explainer.TestErrorExplainerGenerate" name="test_source_context_truncation_at_10kb_with_warning" time="0.001" /><testcase classname="tests.unit.agents.generators.test_error_explainer.TestErrorExplainerGenerate" name="test_prompt_includes_error_type_when_provided" time="0.001" /><testcase classname="tests.unit.agents.generators.test_error_explainer.TestErrorExplainerGenerate" name="test_prompt_includes_source_context_when_provided" time="0.001" /><testcase classname="tests.unit.agents.generators.test_error_explainer.TestErrorExplainerGenerate" name="test_handles_all_error_types" time="0.001" /><testcase classname="tests.unit.agents.generators.test_error_explainer.TestErrorExplainerEdgeCases" name="test_whitespace_only_error_output_raises_generator_error" time="0.001" /><testcase classname="tests.unit.agents.generators.test_error_explainer.TestErrorExplainerEdgeCases" name="test_api_error_propagates_as_generator_error" time="0.001" /><testcase classname="tests.unit.agents.generators.test_error_explainer.TestErrorExplainerEdgeCases" name="test_none_error_output_raises_generator_error" time="0.001" /><testcase classname="tests.unit.agents.generators.test_error_explainer.TestErrorExplainerEdgeCases" name="test_truncation_preserves_error_output" time="0.001" /><testcase classname="tests.unit.agents.generators.test_pr_description.TestPRDescriptionGeneratorConstruction" name="test_construction_with_defaults" time="0.000" /><testcase classname="tests.unit.agents.generators.test_pr_description.TestPRDescriptionGeneratorConstruction" name="test_construction_with_custom_sections" time="0.000" /><testcase classname="tests.unit.agents.generators.test_pr_description.TestPRDescriptionGeneratorConstruction" name="test_construction_with_custom_model" time="0.000" /><testcase classname="tests.unit.agents.generators.test_pr_description.TestPRDescriptionGeneratorConstruction" name="test_default_sections_match_base_constant" time="0.000" /><testcase classname="tests.unit.agents.generators.test_pr_description.TestPRDescriptionGeneratorConstruction" name="test_generator_has_no_tools" time="0.000" /><testcase classname="tests.unit.agents.generators.test_pr_description.TestPRDescriptionGeneratorGenerate" name="test_generate_returns_markdown_with_required_sections" time="0.001" /><testcase classname="tests.unit.agents.generators.test_pr_description.TestPRDescriptionGeneratorGenerate" name="test_generate_reflects_failing_validation_in_testing_section" time="0.001" /><testcase classname="tests.unit.agents.generators.test_pr_description.TestPRDescriptionGeneratorGenerate" name="test_generate_incorporates_task_summary_in_summary_section" time="0.001" /><testcase classname="tests.unit.agents.generators.test_pr_description.TestPRDescriptionGeneratorGenerate" name="test_generate_with_custom_sections_list" time="0.051" /><testcase classname="tests.unit.agents.generators.test_pr_description.TestPRDescriptionGeneratorGenerate" name="test_empty_commits_raises_generator_error" time="0.001" /><testcase classname="tests.unit.agents.generators.test_pr_description.TestPRDescriptionGeneratorGenerate" name="test_empty_task_summary_raises_generator_error" time="0.001" /><testcase classname="tests.unit.agents.generators.test_pr_description.TestPRDescriptionGeneratorGenerate" name="test_missing_commits_raises_generator_error" time="0.001" /><testcase classname="tests.unit.agents.generators.test_pr_description.TestPRDescriptionGeneratorGenerate" name="test_missing_task_summary_raises_generator_error" time="0.001" /><testcase classname="tests.unit.agents.generators.test_pr_description.TestPRDescriptionGeneratorGenerate" name="test_generate_with_optional_diff_stats" time="0.001" /><testcase classname="tests.unit.agents.generators.test_pr_description.TestPRDescriptionGeneratorGenerate" name="test_generate_with_optional_validation_results" time="0.001" /><testcase classname="tests.unit.agents.generators.test_pr_description.TestPRDescriptionGeneratorGenerate" name="test_api_error_raises_generator_error" time="0.001" /><testcase classname="tests.unit.agents.generators.test_pr_description.TestPRDescriptionGeneratorSystemPrompt" name="test_system_prompt_enforces_markdown_format" time="0.000" /><testcase classname="tests.unit.agents.generators.test_pr_description.TestPRDescriptionGeneratorSystemPrompt" name="test_system_prompt_includes_default_sections" time="0.000" /><testcase classname="tests.unit.agents.generators.test_pr_description.TestPRDescriptionGeneratorSystemPrompt" name="test_system_prompt_with_custom_sections" time="0.000" /><testcase classname="tests.unit.agents.generators.test_pr_description.TestPRDescriptionGeneratorPromptBuilding" name="test_prompt_includes_all_context_fields" time="0.001" /><testcase classname="tests.unit.agents.generators.test_pr_description.TestPRDescriptionGeneratorPromptBuilding" name="test_prompt_with_minimal_context" time="0.001" /><testcase classname="tests.unit.agents.test_base.TestMaverickAgentInitialization" name="test_initialization_with_required_parameters" time="0.000" /><testcase classname="tests.unit.agents.test_base.TestMaverickAgentInitialization" name="test_name_property" time="0.000" /><testcase classname="tests.unit.agents.test_base.TestMaverickAgentInitialization" name="test_system_prompt_property" time="0.000" /><testcase classname="tests.unit.agents.test_base.TestMaverickAgentInitialization" name="test_allowed_tools_property_returns_copy" time="0.000" /><testcase classname="tests.unit.agents.test_base.TestMaverickAgentInitialization" name="test_model_defaults_to_default_model" time="0.000" /><testcase classname="tests.unit.agents.test_base.TestMaverickAgentInitialization" name="test_model_can_be_overridden" time="0.000" /><testcase classname="tests.unit.agents.test_base.TestMaverickAgentInitialization" name="test_mcp_servers_defaults_to_empty_dict" time="0.000" /><testcase classname="tests.unit.agents.test_base.TestMaverickAgentInitialization" name="test_mcp_servers_returns_copy" time="0.000" /><testcase classname="tests.unit.agents.test_base.TestValidateTools" name="test_validates_builtin_tools_successfully" time="0.000" /><testcase classname="tests.unit.agents.test_base.TestValidateTools" name="test_validates_individual_builtin_tools" time="0.000" /><testcase classname="tests.unit.agents.test_base.TestValidateTools" name="test_validates_mcp_tool_patterns" time="0.000" /><testcase classname="tests.unit.agents.test_base.TestValidateTools" name="test_raises_invalid_tool_error_for_unknown_tool" time="0.000" /><testcase classname="tests.unit.agents.test_base.TestValidateTools" name="test_allows_mcp_tools_when_server_is_in_mcp_servers" time="0.000" /><testcase classname="tests.unit.agents.test_base.TestValidateTools" name="test_raises_invalid_tool_error_for_mcp_tool_without_server" time="0.000" /><testcase classname="tests.unit.agents.test_base.TestValidateTools" name="test_mixed_builtin_and_mcp_tools" time="0.000" /><testcase classname="tests.unit.agents.test_base.TestBuildOptions" name="test_returns_claude_agent_options" time="0.002" /><testcase classname="tests.unit.agents.test_base.TestBuildOptions" name="test_passes_correct_parameters_to_options" time="0.001" /><testcase classname="tests.unit.agents.test_base.TestBuildOptions" name="test_cwd_none_when_not_specified" time="0.001" /><testcase classname="tests.unit.agents.test_base.TestBuildOptions" name="test_cwd_converted_to_string_from_path" time="0.001" /><testcase classname="tests.unit.agents.test_base.TestWrapSDKError" name="test_wraps_cli_not_found_error" time="0.000" /><testcase classname="tests.unit.agents.test_base.TestWrapSDKError" name="test_wraps_process_error_with_exit_code_and_stderr" time="0.000" /><testcase classname="tests.unit.agents.test_base.TestWrapSDKError" name="test_wraps_cli_connection_error_to_network_error" time="0.000" /><testcase classname="tests.unit.agents.test_base.TestWrapSDKError" name="test_wraps_cli_json_decode_error_to_malformed_response_error" time="0.000" /><testcase classname="tests.unit.agents.test_base.TestWrapSDKError" name="test_wraps_generic_errors_to_agent_error" time="0.000" /><testcase classname="tests.unit.agents.test_base.TestWrapSDKError" name="test_wraps_unknown_sdk_error_types_to_agent_error" time="0.000" /><testcase classname="tests.unit.agents.test_base.TestExtractUsage" name="test_extracts_usage_from_result_message" time="0.000" /><testcase classname="tests.unit.agents.test_base.TestExtractUsage" name="test_returns_zeros_when_no_result_message" time="0.000" /><testcase classname="tests.unit.agents.test_base.TestExtractUsage" name="test_handles_empty_message_list" time="0.000" /><testcase classname="tests.unit.agents.test_base.TestExtractUsage" name="test_handles_result_message_without_usage" time="0.000" /><testcase classname="tests.unit.agents.test_base.TestExtractUsage" name="test_handles_partial_usage_data" time="0.000" /><testcase classname="tests.unit.agents.test_base.TestQuery" name="test_streams_messages_from_client" time="0.002" /><testcase classname="tests.unit.agents.test_base.TestQuery" name="test_raises_streaming_error_with_partial_messages_on_mid_stream_failure" time="0.002" /><testcase classname="tests.unit.agents.test_base.TestQuery" name="test_wraps_sdk_errors_when_no_partial_messages" time="0.002" /><testcase classname="tests.unit.agents.test_base.TestQuery" name="test_wraps_cli_not_found_error_from_sdk" time="0.002" /><testcase classname="tests.unit.agents.test_base.TestQuery" name="test_builds_options_with_provided_cwd" time="0.001" /><testcase classname="tests.unit.agents.test_base.TestQuery" name="test_handles_path_object_for_cwd" time="0.001" /><testcase classname="tests.unit.agents.test_base.TestExecuteMethod" name="test_concrete_agent_can_execute" time="0.002" /><testcase classname="tests.unit.agents.test_base_example.TestMockFixtures" name="test_mock_text_message_factory" time="0.000" /><testcase classname="tests.unit.agents.test_base_example.TestMockFixtures" name="test_mock_result_message_factory" time="0.000" /><testcase classname="tests.unit.agents.test_base_example.TestMockFixtures" name="test_mock_sdk_client_queue_response" time="0.001" /><testcase classname="tests.unit.agents.test_base_example.TestMockFixtures" name="test_mock_sdk_client_query_tracking" time="0.003" /><testcase classname="tests.unit.agents.test_base_example.TestMockFixtures" name="test_mock_sdk_client_error_handling" time="0.003" /><testcase classname="tests.unit.agents.test_base_example.TestMockFixtures" name="test_mock_sdk_client_multiple_response_sequences" time="0.002" /><testcase classname="tests.unit.agents.test_base_example.TestMockFixtures" name="test_mock_sdk_client_context_manager" time="0.001" /><testcase classname="tests.unit.agents.test_base_example.TestMockFixtures" name="test_mock_sdk_client_reset" time="0.000" /><testcase classname="tests.unit.agents.test_code_reviewer.TestCodeReviewerAgentInitialization" name="test_default_initialization" time="0.000" /><testcase classname="tests.unit.agents.test_code_reviewer.TestCodeReviewerAgentInitialization" name="test_custom_model" time="0.000" /><testcase classname="tests.unit.agents.test_code_reviewer.TestCodeReviewerAgentInitialization" name="test_system_prompt_contains_review_dimensions" time="0.000" /><testcase classname="tests.unit.agents.test_code_reviewer.TestCodeReviewerAgentInitialization" name="test_system_prompt_mentions_pre_gathered_context" time="0.000" /><testcase classname="tests.unit.agents.test_code_reviewer.TestCodeReviewerAgentInitialization" name="test_allowed_tools_excludes_bash" time="0.000" /><testcase classname="tests.unit.agents.test_code_reviewer.TestCodeReviewerAgentInitialization" name="test_allowed_tools_includes_read" time="0.000" /><testcase classname="tests.unit.agents.test_code_reviewer.TestCodeReviewerAgentInitialization" name="test_allowed_tools_matches_contract" time="0.000" /><testcase classname="tests.unit.agents.test_code_reviewer.TestCodeReviewerAgentInitialization" name="test_allowed_tools_uses_centralized_constants" time="0.000" /><testcase classname="tests.unit.agents.test_code_reviewer.TestCodeReviewerConstants" name="test_max_diff_lines_is_reasonable" time="0.000" /><testcase classname="tests.unit.agents.test_code_reviewer.TestCodeReviewerConstants" name="test_max_diff_files_is_reasonable" time="0.000" /><testcase classname="tests.unit.agents.test_code_reviewer.TestCodeReviewerConstants" name="test_default_base_branch_is_main" time="0.000" /><testcase classname="tests.unit.agents.test_code_reviewer.TestCodeReviewerConstants" name="test_max_tokens_per_chunk_is_set" time="0.000" /><testcase classname="tests.unit.agents.test_code_reviewer.TestEstimateTokens" name="test_estimate_tokens_empty_string" time="0.000" /><testcase classname="tests.unit.agents.test_code_reviewer.TestEstimateTokens" name="test_estimate_tokens_short_string" time="0.000" /><testcase classname="tests.unit.agents.test_code_reviewer.TestEstimateTokens" name="test_estimate_tokens_long_string" time="0.000" /><testcase classname="tests.unit.agents.test_code_reviewer.TestShouldTruncate" name="test_should_truncate_under_limits" time="0.000" /><testcase classname="tests.unit.agents.test_code_reviewer.TestShouldTruncate" name="test_should_truncate_exceeds_line_limit" time="0.000" /><testcase classname="tests.unit.agents.test_code_reviewer.TestShouldTruncate" name="test_should_truncate_exceeds_file_limit" time="0.000" /><testcase classname="tests.unit.agents.test_code_reviewer.TestShouldTruncate" name="test_should_truncate_at_exact_limits" time="0.000" /><testcase classname="tests.unit.agents.test_code_reviewer.TestParseFindings" name="test_parse_findings_valid_json" time="0.001" /><testcase classname="tests.unit.agents.test_code_reviewer.TestParseFindings" name="test_parse_findings_empty_response" time="0.001" /><testcase classname="tests.unit.agents.test_code_reviewer.TestParseFindings" name="test_parse_findings_no_json" time="0.001" /><testcase classname="tests.unit.agents.test_code_reviewer.TestParseFindings" name="test_parse_findings_invalid_json" time="0.001" /><testcase classname="tests.unit.agents.test_code_reviewer.TestParseFindings" name="test_parse_findings_filters_invalid_entries" time="0.002" /><testcase classname="tests.unit.agents.test_code_reviewer.TestExecuteMethod" name="test_execute_returns_review_result" time="0.009" /><testcase classname="tests.unit.agents.test_code_reviewer.TestExecuteMethod" name="test_execute_raises_on_merge_conflicts" time="0.001" /><testcase classname="tests.unit.agents.test_code_reviewer.TestExecuteMethod" name="test_execute_handles_empty_diff" time="0.001" /><testcase classname="tests.unit.agents.test_code_reviewer.TestReviewContextBuilding" name="test_uses_default_base_branch_when_not_specified" time="0.001" /><testcase classname="tests.unit.agents.test_code_reviewer.TestReviewContextBuilding" name="test_uses_custom_base_branch_when_specified" time="0.001" /><testcase classname="tests.unit.agents.test_code_reviewer.TestTruncateFiles" name="test_truncate_files_returns_subset" time="0.000" /><testcase classname="tests.unit.agents.test_code_reviewer.TestTruncateFiles" name="test_truncate_files_no_change_when_under_limit" time="0.000" /><testcase classname="tests.unit.agents.test_code_reviewer.TestUsageStatsConversion" name="test_converts_agent_usage_to_usage_stats" time="0.000" /><testcase classname="tests.unit.agents.test_code_reviewer.TestUsageStatsConversion" name="test_handles_none_cost" time="0.000" /><testcase classname="tests.unit.agents.test_context" name="test_agent_context_creation_with_valid_values" time="0.001" /><testcase classname="tests.unit.agents.test_context" name="test_agent_context_frozen_immutable" time="0.001" /><testcase classname="tests.unit.agents.test_context" name="test_agent_context_no_dict_attribute" time="0.001" /><testcase classname="tests.unit.agents.test_context" name="test_agent_context_extra_defaults_to_empty_dict" time="0.001" /><testcase classname="tests.unit.agents.test_context" name="test_agent_context_empty_branch_raises_value_error" time="0.001" /><testcase classname="tests.unit.agents.test_context" name="test_agent_context_from_cwd_success" time="0.002" /><testcase classname="tests.unit.agents.test_context" name="test_agent_context_from_cwd_strips_whitespace" time="0.001" /><testcase classname="tests.unit.agents.test_context" name="test_agent_context_from_cwd_with_non_existent_directory" time="0.000" /><testcase classname="tests.unit.agents.test_context" name="test_agent_context_from_cwd_without_git_repo_raises_value_error" time="0.001" /><testcase classname="tests.unit.agents.test_context" name="test_agent_context_from_cwd_with_default_config" time="0.002" /><testcase classname="tests.unit.agents.test_context" name="test_agent_context_from_cwd_with_custom_config" time="0.001" /><testcase classname="tests.unit.agents.test_context" name="test_agent_context_from_cwd_with_extra_parameter" time="0.001" /><testcase classname="tests.unit.agents.test_context" name="test_agent_context_from_cwd_with_none_extra_defaults_to_empty_dict" time="0.001" /><testcase classname="tests.unit.agents.test_context" name="test_agent_context_multiple_instances_isolated" time="0.001" /><testcase classname="tests.unit.agents.test_context" name="test_agent_context_with_pathlib_path" time="0.001" /><testcase classname="tests.unit.agents.test_context" name="test_agent_context_equal
[...]
="tests.unit.workflows.test_fly_dryrun.TestFlyWorkflowDryRun" name="test_dry_run_does_not_invoke_agents" time="0.002" /><testcase classname="tests.unit.workflows.test_fly_dryrun.TestFlyWorkflowDryRun" name="test_dry_run_event_sequence_matches_real_run" time="0.018" /><testcase classname="tests.unit.workflows.test_fly_dsl.TestFlyWorkflowDSLExecution" name="test_enable_dsl_execution_sets_flag" time="0.001" /><testcase classname="tests.unit.workflows.test_fly_dsl.TestFlyWorkflowDSLExecution" name="test_executes_dsl_workflow_when_enabled" time="0.005" /><testcase classname="tests.unit.workflows.test_fly_dsl.TestFlyWorkflowDSLExecution" name="test_handles_workflow_file_not_found" time="0.001" /><testcase classname="tests.unit.workflows.test_fly_dsl.TestEventTranslation" name="test_translates_dsl_workflow_started" time="0.001" /><testcase classname="tests.unit.workflows.test_fly_dsl.TestEventTranslation" name="test_translates_dsl_step_started_to_stage_started" time="0.000" /><testcase classname="tests.unit.workflows.test_fly_dsl.TestEventTranslation" name="test_translates_dsl_step_completed_to_stage_completed" time="0.000" /><testcase classname="tests.unit.workflows.test_fly_dsl.TestEventTranslation" name="test_maps_all_step_names_to_stages" time="0.000" /><testcase classname="tests.unit.workflows.test_fly_dsl.TestEventTranslation" name="test_returns_none_for_unmapped_step_names" time="0.000" /><testcase classname="tests.unit.workflows.test_fly_dsl.TestEventTranslation" name="test_returns_none_for_unmapped_event_types" time="0.000" /><testcase classname="tests.unit.workflows.test_fly_dsl.TestResultConstruction" name="test_builds_fly_result_from_successful_workflow" time="0.001" /><testcase classname="tests.unit.workflows.test_fly_dsl.TestResultConstruction" name="test_builds_fly_result_from_failed_workflow" time="0.001" /><testcase classname="tests.unit.workflows.test_fly_dsl.TestResultConstruction" name="test_includes_pr_url_in_success_summary" time="0.001" /><testcase classname="tests.unit.workflows.test_fly_dsl.TestResultConstruction" name="test_extracts_error_from_failed_step" time="0.001" /><testcase classname="tests.unit.workflows.test_fly_dsl.TestResultConstruction" name="test_aggregates_token_usage" time="0.001" /><testcase classname="tests.unit.workflows.test_fly_dsl.TestDSLExecutionErrorHandling" name="test_handles_workflow_parse_error" time="0.003" /><testcase classname="tests.unit.workflows.test_fly_dsl.TestDSLExecutionErrorHandling" name="test_handles_executor_error" time="0.004" /><testcase classname="tests.unit.workflows.test_fly_dsl.TestDSLExecutionErrorHandling" name="test_state_updated_on_failure" time="0.002" /><testcase classname="tests.unit.workflows.test_refuel.TestGitHubIssue" name="test_creates_with_all_fields" time="0.000" /><testcase classname="tests.unit.workflows.test_refuel.TestGitHubIssue" name="test_creates_with_none_body" time="0.000" /><testcase classname="tests.unit.workflows.test_refuel.TestGitHubIssue" name="test_creates_with_assignee" time="0.000" /><testcase classname="tests.unit.workflows.test_refuel.TestGitHubIssue" name="test_immutable_frozen" time="0.000" /><testcase classname="tests.unit.workflows.test_refuel.TestGitHubIssue" name="test_has_slots" time="0.000" /><testcase classname="tests.unit.workflows.test_refuel.TestIssueStatus" name="test_all_status_values_exist" time="0.000" /><testcase classname="tests.unit.workflows.test_refuel.TestIssueStatus" name="test_string_values" time="0.000" /><testcase classname="tests.unit.workflows.test_refuel.TestIssueStatus" name="test_skipped_value_exists_for_dry_run" time="0.000" /><testcase classname="tests.unit.workflows.test_refuel.TestIssueStatus" name="test_string_conversion" time="0.000" /><testcase classname="tests.unit.workflows.test_refuel.TestRefuelInputs" name="test_default_values" time="0.000" /><testcase classname="tests.unit.workflows.test_refuel.TestRefuelInputs" name="test_immutable_frozen" time="0.000" /><testcase classname="tests.unit.workflows.test_refuel.TestRefuelInputs" name="test_accepts_dry_run_true" time="0.000" /><testcase classname="tests.unit.workflows.test_refuel.TestRefuelInputs" name="test_accepts_parallel_true" time="0.000" /><testcase classname="tests.unit.workflows.test_refuel.TestRefuelInputs" name="test_accepts_custom_values" time="0.000" /><testcase classname="tests.unit.workflows.test_refuel.TestRefuelResult" name="test_has_all_required_fields" time="0.001" /><testcase classname="tests.unit.workflows.test_refuel.TestRefuelResult" name="test_total_duration_and_cost_accessible" time="0.001" /><testcase classname="tests.unit.workflows.test_refuel.TestRefuelResult" name="test_issues_found_zero_represents_empty_label_match" time="0.000" /><testcase classname="tests.unit.workflows.test_refuel.TestRefuelResult" name="test_success_true_when_issues_failed_zero" time="0.000" /><testcase classname="tests.unit.workflows.test_refuel.TestRefuelResult" name="test_immutable_frozen" time="0.001" /><testcase classname="tests.unit.workflows.test_refuel.TestRefuelWorkflow" name="test_accepts_optional_config_in_constructor" time="0.000" /><testcase classname="tests.unit.workflows.test_refuel.TestRefuelWorkflow" name="test_execute_yields_events" time="0.001" /><testcase classname="tests.unit.workflows.test_refuel.TestRefuelStarted" name="test_has_inputs_and_issues_found_fields" time="0.000" /><testcase classname="tests.unit.workflows.test_refuel.TestRefuelStarted" name="test_frozen_with_slots" time="0.000" /><testcase classname="tests.unit.workflows.test_refuel.TestIssueProcessingStarted" name="test_has_issue_index_total_fields" time="0.000" /><testcase classname="tests.unit.workflows.test_refuel.TestIssueProcessingStarted" name="test_frozen_with_slots" time="0.000" /><testcase classname="tests.unit.workflows.test_refuel.TestIssueProcessingCompleted" name="test_has_result_field" time="0.000" /><testcase classname="tests.unit.workflows.test_refuel.TestIssueProcessingCompleted" name="test_frozen_with_slots" time="0.000" /><testcase classname="tests.unit.workflows.test_refuel.TestRefuelCompleted" name="test_has_result_field" time="0.000" /><testcase classname="tests.unit.workflows.test_refuel.TestRefuelCompleted" name="test_frozen_with_slots" time="0.000" /><testcase classname="tests.unit.workflows.test_refuel.TestRefuelProgressEvent" name="test_type_alias_covers_all_events" time="0.000" /><testcase classname="tests.unit.workflows.test_refuel.TestIssueProcessingResult" name="test_agent_usage_field_holds_agent_usage" time="0.000" /><testcase classname="tests.unit.workflows.test_refuel.TestIssueProcessingResult" name="test_duration_ms_field_is_int" time="0.000" /><testcase classname="tests.unit.workflows.test_refuel.TestIssueProcessingResult" name="test_skipped_with_all_optional_fields_none" time="0.000" /><testcase classname="tests.unit.workflows.test_refuel.TestIssueProcessingResult" name="test_failed_has_error_field" time="0.000" /><testcase classname="tests.unit.workflows.test_refuel.TestRefuelConfig" name="test_default_values" time="0.000" /><testcase classname="tests.unit.workflows.test_refuel.TestRefuelConfig" name="test_max_parallel_validates_range" time="0.000" /><testcase classname="tests.unit.workflows.test_refuel.TestRefuelConfig" name="test_branch_prefix_validation" time="0.000" /><testcase classname="tests.unit.workflows.test_refuel.TestRefuelConfig" name="test_frozen_config" time="0.000" /><testcase classname="tests.unit.workflows.test_refuel.TestInterfaceExports" name="test_all_types_importable_from_refuel" time="0.000" /><testcase classname="tests.unit.workflows.test_refuel.TestMaverickConfigIntegration" name="test_maverick_config_refuel_field_exists" time="0.001" /><testcase classname="tests.unit.workflows.test_refuel.TestRefuelWorkflowExecution" name="test_issue_discovery_via_github_runner" time="0.001" /><testcase classname="tests.unit.workflows.test_refuel.TestRefuelWorkflowExecution" name="test_branch_creation_per_issue" time="0.005" /><testcase classname="tests.unit.workflows.test_refuel.TestRefuelWorkflowExecution" name="test_issue_isolation_one_failure_does_not_crash_others" time="0.009" /><testcase classname="tests.unit.workflows.test_refuel.TestRefuelWorkflowExecution" name="test_result_aggregation" time="0.004" /><testcase classname="tests.unit.workflows.test_refuel.TestRefuelWorkflowExecution" name="test_progress_events_per_issue" time="0.003" /><testcase classname="tests.unit.workflows.test_refuel.TestRefuelWorkflowExecution" name="test_network_failure_retry_with_exponential_backoff" time="3.015" /><testcase classname="tests.unit.workflows.test_refuel.TestRefuelWorkflowExecution" name="test_issue_skip_after_max_attempts" time="0.004" /><testcase classname="tests.unit.workflows.test_refuel.TestRefuelProgressEventEmission" name="test_refuel_started_event_with_issues_found" time="0.003" /><testcase classname="tests.unit.workflows.test_refuel.TestRefuelProgressEventEmission" name="test_issue_processing_started_completed_event_pairs" time="0.003" /><testcase classname="tests.unit.workflows.test_refuel_dryrun.TestRefuelWorkflowDryRun" name="test_dry_run_emits_progress_events" time="0.003" /><testcase classname="tests.unit.workflows.test_refuel_dryrun.TestRefuelWorkflowDryRun" name="test_dry_run_does_not_execute_git_operations" time="0.004" /><testcase classname="tests.unit.workflows.test_refuel_dryrun.TestRefuelWorkflowDryRun" name="test_dry_run_does_not_create_pr" time="0.004" /><testcase classname="tests.unit.workflows.test_refuel_dryrun.TestRefuelWorkflowDryRun" name="test_dry_run_does_not_invoke_agents" time="0.003" /><testcase classname="tests.unit.workflows.test_refuel_dryrun.TestRefuelWorkflowDryRun" name="test_dry_run_event_sequence_matches_real_run" time="0.006" /><testcase classname="tests.unit.workflows.test_refuel_dsl.TestRefuelWorkflowDSLExecution" name="test_enable_dsl_execution_sets_flag" time="0.001" /><testcase classname="tests.unit.workflows.test_refuel_dsl.TestRefuelWorkflowDSLExecution" name="test_executes_dsl_workflow_when_enabled" time="0.002" /><testcase classname="tests.unit.workflows.test_refuel_dsl.TestRefuelWorkflowDSLExecution" name="test_handles_workflow_file_not_found" time="0.001" /><testcase classname="tests.unit.workflows.test_refuel_dsl.TestRefuelWorkflowDSLExecution" name="test_loads_workflow_from_library" time="0.002" /><testcase classname="tests.unit.workflows.test_refuel_dsl.TestRefuelWorkflowDSLExecution" name="test_uses_legacy_execution_when_dsl_disabled" time="0.001" /><testcase classname="tests.unit.workflows.test_refuel_dsl.TestEventTranslation" name="test_translates_dsl_workflow_started" time="0.000" /><testcase classname="tests.unit.workflows.test_refuel_dsl.TestEventTranslation" name="test_uses_default_values_for_missing_inputs" time="0.000" /><testcase classname="tests.unit.workflows.test_refuel_dsl.TestEventTranslation" name="test_returns_none_for_step_started" time="0.000" /><testcase classname="tests.unit.workflows.test_refuel_dsl.TestEventTranslation" name="test_returns_none_for_step_completed" time="0.000" /><testcase classname="tests.unit.workflows.test_refuel_dsl.TestEventTranslation" name="test_returns_none_for_workflow_completed" time="0.001" /><testcase classname="tests.unit.workflows.test_refuel_dsl.TestResultConstruction" name="test_builds_refuel_result_from_successful_workflow" time="0.000" /><testcase classname="tests.unit.workflows.test_refuel_dsl.TestResultConstruction" name="test_builds_refuel_result_from_failed_workflow" time="0.000" /><testcase classname="tests.unit.workflows.test_refuel_dsl.TestResultConstruction" name="test_extracts_issues_found_from_output" time="0.000" /><testcase classname="tests.unit.workflows.test_refuel_dsl.TestResultConstruction" name="test_extracts_issue_processing_results" time="0.000" /><testcase classname="tests.unit.workflows.test_refuel_dsl.TestResultConstruction" name="test_counts_status_types_correctly" time="0.000" /><testcase classname="tests.unit.workflows.test_refuel_dsl.TestResultConstruction" name="test_computes_total_cost" time="0.000" /><testcase classname="tests.unit.workflows.test_refuel_dsl.TestResultConstruction" name="test_uses_workflow_duration_when_no_output" time="0.000" /><testcase classname="tests.unit.workflows.test_refuel_dsl.TestResultConstruction" name="test_prefers_output_duration_over_workflow_duration" time="0.000" /><testcase classname="tests.unit.workflows.test_refuel_dsl.TestResultConstruction" name="test_handles_empty_results_gracefully" time="0.000" /><testcase classname="tests.unit.workflows.test_refuel_dsl.TestResultConstruction" name="test_success_false_when_workflow_failed" time="0.000" /><testcase classname="tests.unit.workflows.test_refuel_dsl.TestResultConstruction" name="test_success_false_when_issues_failed" time="0.000" /><testcase classname="tests.unit.workflows.test_refuel_dsl.TestDSLExecutionErrorHandling" name="test_handles_workflow_parse_error" time="0.003" /><testcase classname="tests.unit.workflows.test_refuel_dsl.TestDSLExecutionErrorHandling" name="test_handles_executor_error" time="0.002" /><testcase classname="tests.unit.workflows.test_refuel_dsl.TestDSLExecutionErrorHandling" name="test_returns_empty_result_on_failure" time="0.002" /><testcase classname="tests.unit.workflows.test_refuel_dsl.TestDSLExecutionErrorHandling" name="test_passes_config_to_executor" time="0.001" /><testcase classname="tests.unit.workflows.test_refuel_dsl.TestDSLExecutionErrorHandling" name="test_converts_inputs_to_dict_for_executor" time="0.002" /><testcase classname="tests.unit.workflows.test_validation" name="test_workflow_executes_stages_in_order" time="0.002" /><testcase classname="tests.unit.workflows.test_validation" name="test_stage_passes_on_first_attempt" time="0.002" /><testcase classname="tests.unit.workflows.test_validation" name="test_fix_agent_invoked_when_fixable_stage_fails" time="0.003" /><testcase classname="tests.unit.workflows.test_validation" name="test_stage_retried_after_fix_attempt" time="0.002" /><testcase classname="tests.unit.workflows.test_validation" name="test_stage_marked_fixed_when_passes_after_fix" time="0.002" /><testcase classname="tests.unit.workflows.test_validation" name="test_stage_fails_after_max_fix_attempts" time="0.004" /><testcase classname="tests.unit.workflows.test_validation" name="test_non_fixable_stage_fails_without_fix_attempts" time="0.002" /><testcase classname="tests.unit.workflows.test_validation" name="test_get_result_raises_before_workflow_completes" time="0.002" /><testcase classname="tests.unit.workflows.test_validation" name="test_workflow_yields_progress_updates" time="0.003" /><testcase classname="tests.unit.workflows.test_validation" name="test_workflow_config_stop_on_failure" time="0.002" /><testcase classname="tests.unit.workflows.test_validation" name="test_stage_marked_failed_after_exhausting_fix_attempts" time="0.002" /><testcase classname="tests.unit.workflows.test_validation" name="test_non_fixable_stage_not_retried_on_failure" time="0.001" /><testcase classname="tests.unit.workflows.test_validation" name="test_workflow_continues_to_next_stage_after_failure" time="0.002" /><testcase classname="tests.unit.workflows.test_validation" name="test_workflow_reports_overall_success_when_all_stages_pass" time="0.002" /><testcase classname="tests.unit.workflows.test_validation" name="test_command_not_found_fails_stage_immediately" time="0.001" /><testcase classname="tests.unit.workflows.test_validation" name="test_custom_commands_used_instead_of_defaults" time="0.002" /><testcase classname="tests.unit.workflows.test_validation" name="test_command_timeout_fails_stage_immediately" time="0.002" /><testcase classname="tests.unit.workflows.test_validation" name="test_dry_run_mode_does_not_execute_commands" time="0.001" /><testcase classname="tests.unit.workflows.test_validation" name="test_dry_run_reports_planned_commands_in_progress_updates" time="0.001" /><testcase classname="tests.unit.workflows.test_validation" name="test_dry_run_returns_success_result" time="0.001" /><testcase classname="tests.unit.workflows.test_validation" name="test_progress_update_emitted_when_stage_begins" time="0.001" /><testcase classname="tests.unit.workflows.test_validation" name="test_progress_update_includes_fix_attempt_number" time="0.002" /><testcase classname="tests.unit.workflows.test_validation" name="test_progress_update_emitted_on_stage_completion" time="0.001" /><testcase classname="tests.unit.workflows.test_validation" name="test_timestamp_included_in_progress_updates" time="0.001" /><testcase classname="tests.unit.workflows.test_validation" name="test_cancel_sets_cancellation_flag" time="0.001" /><testcase classname="tests.unit.workflows.test_validation" name="test_workflow_stops_at_earliest_safe_point_after_cancel" time="0.001" /><testcase classname="tests.unit.workflows.test_validation" name="test_partial_results_available_after_cancellation" time="0.001" /><testcase classname="tests.unit.workflows.test_validation" name="test_remaining_stages_marked_cancelled" time="0.001" /><testcase classname="tests.unit.workflows.test_validation" name="test_cancellation_within_5_seconds" time="0.506" /><testcase classname="tests.unit.workflows.test_validation" name="test_cancellation_during_fix_attempts" time="0.005" /><testcase classname="tests.unit.workflows.test_workflow_example.TestWorkflowConfiguration" name="test_config_default_values" time="0.001" /><testcase classname="tests.unit.workflows.test_workflow_example.TestWorkflowConfiguration" name="test_config_custom_values" time="0.001" /><testcase classname="tests.unit.workflows.test_workflow_example.TestWorkflowConfiguration" name="test_config_immutability" time="0.001" /><testcase classname="tests.unit.workflows.test_workflow_example.TestWorkflowInitialization" name="test_workflow_init_minimal" time="0.001" /><testcase classname="tests.unit.workflows.test_workflow_example.TestWorkflowInitialization" name="test_workflow_init_with_fix_agent" time="0.003" /><testcase classname="tests.unit.workflows.test_workflow_example.TestWorkflowInitialization" name="test_workflow_init_with_custom_config" time="0.001" /><testcase classname="tests.unit.workflows.test_workflow_example.TestWorkflowStateMethods" name="test_cancel_sets_event" time="0.001" /><testcase classname="tests.unit.workflows.test_workflow_example.TestWorkflowStateMethods" name="test_get_result_before_run_raises" time="0.001" /><testcase classname="tests.unit.workflows.test_workflow_example.TestCommandExecution" name="test_execute_command_success" time="0.003" /><testcase classname="tests.unit.workflows.test_workflow_example.TestCommandExecution" name="test_execute_command_timeout" time="0.002" /><testcase classname="tests.unit.workflows.test_workflow_example.TestCommandExecution" name="test_execute_command_not_found" time="0.002" /><testcase classname="tests.unit.workflows.test_workflow_example.TestFixAgentInvocation" name="test_invoke_fix_agent_success" time="0.001" /><testcase classname="tests.unit.workflows.test_workflow_example.TestFixAgentInvocation" name="test_invoke_fix_agent_no_agent" time="0.001" /><testcase classname="tests.unit.workflows.test_workflow_example.TestFixAgentInvocation" name="test_invoke_fix_agent_exception" time="0.003" /><testcase classname="tests.unit.workflows.test_workflow_example.TestStageValidation" name="test_stage_requires_name" time="0.001" /><testcase classname="tests.unit.workflows.test_workflow_example.TestStageValidation" name="test_stage_requires_command" time="0.001" /><testcase classname="tests.unit.workflows.test_workflow_example.TestStageValidation" name="test_stage_timeout_must_be_positive" time="0.001" /><testcase classname="tests.unit.workflows.test_workflow_example.TestStageValidation" name="test_stage_is_fixable_property" time="0.000" /><testcase classname="tests.unit.workflows.test_workflow_example.TestDryRunMode" name="test_dry_run_skips_execution" time="0.005" /></testsuite></testsuites>